<?xml version="1.0" encoding="utf-8"?><testsuites name="pytest tests"><testsuite name="pytest" errors="0" failures="1" skipped="0" tests="5" time="3.545" timestamp="2026-09-08T19:47:09.294414+00:00" hostname="agent-env-1acc96aa-41f7-4731-9c98-49f4aed25724"><testcase classname="tests.test_gallery_layout" name="test_export_24_cells_png" time="1.437" /><testcase classname="tests.test_gallery_layout" name="test_export_1_cell_full" time="0.333" /><testcase classname="tests.test_gallery_layout" name="test_export_50_cells_png" time="0.312" /><testcase classname="tests.test_gallery_layout" name="test_export_pdf_professional_with_many_cells" time="0.214"><failure message="AssertionError: {&quot;detail&quot;:[{&quot;type&quot;:&quot;model_attributes_type&quot;,&quot;loc&quot;:[&quot;body&quot;,&quot;paper&quot;],&quot;msg&quot;:&quot;Input should be a valid dictionary or object to extract fields from&quot;,&quot;input&quot;:&quot;A4&quot;,&quot;url&quot;:&quot;https://errors.pydantic.dev/2.13/v/model_attributes_type&quot;}]}&#10;assert 422 == 200&#10; +  where 422 = &lt;Response [422]&gt;.status_code">backend/tests/test_gallery_layout.py:93: in test_export_pdf_professional_with_many_cells
    assert r.status_code == 200, r.text
E   AssertionError: {"detail":[{"type":"model_attributes_type","loc":["body","paper"],"msg":"Input should be a valid dictionary or object to extract fields from","input":"A4","url":"https://errors.pydantic.dev/2.13/v/model_attributes_type"}]}
E   assert 422 == 200
E    +  where 422 = &lt;Response [422]&gt;.status_code</failure></testcase><testcase classname="tests.test_gallery_layout" name="test_project_save_load_preserves_cells" time="0.633" /></testsuite></testsuites>