<?xml version="1.0" encoding="utf-8"?><testsuites name="pytest tests"><testsuite name="pytest" errors="0" failures="1" skipped="0" tests="7" time="10.564" timestamp="2026-09-08T17:29:46.995245+00:00" hostname="agent-env-1acc96aa-41f7-4731-9c98-49f4aed25724"><testcase classname="tests.test_crop_marks_and_icc" name="test_crop_marks_a4_bleed3mm_dims" time="4.614" /><testcase classname="tests.test_crop_marks_and_icc" name="test_pdf_cmyk_icc_fogra39" time="3.097"><failure message="AssertionError: Expected FOGRA39/ICCBased marker in PDF&#10;assert ('Coated FOGRA39' in '%PDF-1.4\n% created by Pillow PDF driver\n4 0 obj&lt;&lt;\n/Type /Catalog\n/Pages 5 0 R\n&gt;&gt;endobj\n5 0 obj&lt;&lt;\n/Type /Pages\n/Count 1\n/Kids [ 2 0 R ]\n&gt;&gt;endobj\n1 0 obj&lt;&lt;\n/Type /XObject\n/Subtype /Image\n/Width 2550\n/Height 3578\n/Filter /DCTDecode\n/Decode [ 1 0 1 0 1 0 1 0 ]\n/BitsPerComponent 8\n/ColorSpace /DeviceCMYK\n/Length 10769137\n&gt;&gt;stream\nÿØÿî\x00\x0eAdobe\x00d\x00\x00\x00\x00\x00ÿâÿÿICC_PROFILE\x00\x01\x85\x00\x84\x06\x9c\x00\x00\x00\x00\x02\x10\x00\x00prtrCMYKLab \x07Ý\x00\x05\x00\x1d\x00\x0e\x00$\x00\x0facspAPPL\x00\x02\x00\x00\x00\x00\x00\x00\x00\x00\x00\x00\x00\x00\x00\x00\x00\x00\x00\x00\x00\x00\x00\x00\x00\x00öÖ\x00\x01\x00\x00\x00\x00Ó-\x00\x00\x00\x00\x00\x00\x00\x00\x00\x00\x00\x00\x00\x00\x00\x00\x00\x00\x00\x00\x00\x00\x00\x00\x00\x00\x00\x00\x00\x00\x00\x00\x00\x00\x00\x00\x00\x00\x00\x00\x00\x00\x00\x00\x00\x00\x00\x00\x00\x00\x00\x0edesc\x00\x00\x01,\x00\x00\x00±wtpt\x00\x00\x01à\x00\x00\x00\x14bkpt\x00\x00\x01ô\x00\x00\x00\x14chad\x00\x00\x02\x08\x00\x00\x00,cprt\x00\x00\x024\x00\x00\x00\x1fA2B0\x00\x00\x02T\x00$C\x86A2B1\x00$EÜ\x00$C\x86A2B2\x00H\x89d\x00$C\x86B2A0\x00lÌì\x00\x07\x0f\x1cB2A1\x00sÜ\x08\x00\x07\x0f\x1cB2A2\x00zë$\x00\x07\x0f\x1cgamt\x00\x8...(¢\x8a(¢\x8a(¢\x8a(¢\x8a(¢\x8a(¢\x8a(¢\x8a(¢\x8a(¢\x8a(¢\x8a(¢\x8a(¢\x8a(¢\x8a(¢\x8a(¢\x8a(¢\x8a(¢\x8a(¢\x8a(¢\x8a(¢\x8a(¢\x8a(¢\x8a(¢\x8a(¢\x8a(¢\x8a(¢\x8a(¢\x8a(¢\x8a(¢\x8a(¢\x8a(¢\x8a(¢\x8a(¢\x8a(¢\x8a(¢\x8a(¢\x8a(¢\x8a(¢\x8a(¢\x8a(¢\x8a(¢\x8a(¢\x8a(¢\x8a(¢\x8a(¢\x8a(¢\x8a(¢\x8a(¢\x8a(¢\x8a(¢\x8a(¢\x8a(¢\x8a(¢\x8a(¢\x8a(¢\x8a(¢\x8a(¢\x8a(¢\x8a(¢\x8a(¢\x8a(¢\x8a(¢\x8a(¢\x8a(¢\x8a(¢\x8a(¢\x8a(¢\x8a(¢\x8a(¢\x8a(¢\x8a(¢\x8a(¢\x8a(¢\x8a(¢\x8a(¢\x8a(¢\x8a(¢\x8a(¢\x8a(¢\x8a(¢\x8a(¢\x8a(¢\x8a(¢\x8a(¢\x8a(¢\x8a(¢\x8a(¢\x8a(¢\x8a(¢\x8a(¢\x8a(¢\x8a(¢\x8a(¢\x8a(¢\x8a(¢\x8a(¢\x8aÿÙ\nendstream\nendobj\n2 0 obj&lt;&lt;\n/Resources &lt;&lt;\n/ProcSet [ /PDF /ImageC ]\n/XObject &lt;&lt;\n/image 1 0 R\n&gt;&gt;\n&gt;&gt;\n/MediaBox [ 0 0 612.0 858.72 ]\n/Contents 3 0 R\n/Type /Page\n/Parent 5 0 R\n&gt;&gt;endobj\n3 0 obj&lt;&lt;\n/Length 47\n&gt;&gt;stream\nq 612.000000 0 0 858.720000 0 0 cm /image Do Q\n\nendstream\nendobj\n6 0 obj&lt;&lt;\n/CreationDate (D:20260908172952Z)\n/ModDate (D:20260908172952Z)\n&gt;&gt;endobj\nxref\n0 7\n0000000000 65536 f \n0000000144 00000 n \n0010769482 00000 n \n0010769645 00000 n \n0000000040 00000 n \n0000000087 00000 n \n0010769740 00000 n \ntrailer\n&lt;&lt;\n/Root 4 0 R\n/Size 7\n/Info 6 0 R\n&gt;&gt;\nstartxref\n10769822\n%%EOF' or 'FOGRA39' in '%PDF-1.4\n% created by Pillow PDF driver\n4 0 obj&lt;&lt;\n/Type /Catalog\n/Pages 5 0 R\n&gt;&gt;endobj\n5 0 obj&lt;&lt;\n/Type /Pages\n/Count 1\n/Kids [ 2 0 R ]\n&gt;&gt;endobj\n1 0 obj&lt;&lt;\n/Type /XObject\n/Subtype /Image\n/Width 2550\n/Height 3578\n/Filter /DCTDecode\n/Decode [ 1 0 1 0 1 0 1 0 ]\n/BitsPerComponent 8\n/ColorSpace /DeviceCMYK\n/Length 10769137\n&gt;&gt;stream\nÿØÿî\x00\x0eAdobe\x00d\x00\x00\x00\x00\x00ÿâÿÿICC_PROFILE\x00\x01\x85\x00\x84\x06\x9c\x00\x00\x00\x00\x02\x10\x00\x00prtrCMYKLab \x07Ý\x00\x05\x00\x1d\x00\x0e\x00$\x00\x0facspAPPL\x00\x02\x00\x00\x00\x00\x00\x00\x00\x00\x00\x00\x00\x00\x00\x00\x00\x00\x00\x00\x00\x00\x00\x00\x00\x00öÖ\x00\x01\x00\x00\x00\x00Ó-\x00\x00\x00\x00\x00\x00\x00\x00\x00\x00\x00\x00\x00\x00\x00\x00\x00\x00\x00\x00\x00\x00\x00\x00\x00\x00\x00\x00\x00\x00\x00\x00\x00\x00\x00\x00\x00\x00\x00\x00\x00\x00\x00\x00\x00\x00\x00\x00\x00\x00\x00\x0edesc\x00\x00\x01,\x00\x00\x00±wtpt\x00\x00\x01à\x00\x00\x00\x14bkpt\x00\x00\x01ô\x00\x00\x00\x14chad\x00\x00\x02\x08\x00\x00\x00,cprt\x00\x00\x024\x00\x00\x00\x1fA2B0\x00\x00\x02T\x00$C\x86A2B1\x00$EÜ\x00$C\x86A2B2\x00H\x89d\x00$C\x86B2A0\x00lÌì\x00\x07\x0f\x1cB2A1\x00sÜ\x08\x00\x07\x0f\x1cB2A2\x00zë$\x00\x07\x0f\x1cgamt\x00\x8...(¢\x8a(¢\x8a(¢\x8a(¢\x8a(¢\x8a(¢\x8a(¢\x8a(¢\x8a(¢\x8a(¢\x8a(¢\x8a(¢\x8a(¢\x8a(¢\x8a(¢\x8a(¢\x8a(¢\x8a(¢\x8a(¢\x8a(¢\x8a(¢\x8a(¢\x8a(¢\x8a(¢\x8a(¢\x8a(¢\x8a(¢\x8a(¢\x8a(¢\x8a(¢\x8a(¢\x8a(¢\x8a(¢\x8a(¢\x8a(¢\x8a(¢\x8a(¢\x8a(¢\x8a(¢\x8a(¢\x8a(¢\x8a(¢\x8a(¢\x8a(¢\x8a(¢\x8a(¢\x8a(¢\x8a(¢\x8a(¢\x8a(¢\x8a(¢\x8a(¢\x8a(¢\x8a(¢\x8a(¢\x8a(¢\x8a(¢\x8a(¢\x8a(¢\x8a(¢\x8a(¢\x8a(¢\x8a(¢\x8a(¢\x8a(¢\x8a(¢\x8a(¢\x8a(¢\x8a(¢\x8a(¢\x8a(¢\x8a(¢\x8a(¢\x8a(¢\x8a(¢\x8a(¢\x8a(¢\x8a(¢\x8a(¢\x8a(¢\x8a(¢\x8a(¢\x8a(¢\x8a(¢\x8a(¢\x8a(¢\x8a(¢\x8a(¢\x8a(¢\x8a(¢\x8a(¢\x8a(¢\x8a(¢\x8a(¢\x8a(¢\x8a(¢\x8aÿÙ\nendstream\nendobj\n2 0 obj&lt;&lt;\n/Resources &lt;&lt;\n/ProcSet [ /PDF /ImageC ]\n/XObject &lt;&lt;\n/image 1 0 R\n&gt;&gt;\n&gt;&gt;\n/MediaBox [ 0 0 612.0 858.72 ]\n/Contents 3 0 R\n/Type /Page\n/Parent 5 0 R\n&gt;&gt;endobj\n3 0 obj&lt;&lt;\n/Length 47\n&gt;&gt;stream\nq 612.000000 0 0 858.720000 0 0 cm /image Do Q\n\nendstream\nendobj\n6 0 obj&lt;&lt;\n/CreationDate (D:20260908172952Z)\n/ModDate (D:20260908172952Z)\n&gt;&gt;endobj\nxref\n0 7\n0000000000 65536 f \n0000000144 00000 n \n0010769482 00000 n \n0010769645 00000 n \n0000000040 00000 n \n0000000087 00000 n \n0010769740 00000 n \ntrailer\n&lt;&lt;\n/Root 4 0 R\n/Size 7\n/Info 6 0 R\n&gt;&gt;\nstartxref\n10769822\n%%EOF' or 'ICCBased' in '%PDF-1.4\n% created by Pillow PDF driver\n4 0 obj&lt;&lt;\n/Type /Catalog\n/Pages 5 0 R\n&gt;&gt;endobj\n5 0 obj&lt;&lt;\n/Type /Pages\n/Count 1\n/Kids [ 2 0 R ]\n&gt;&gt;endobj\n1 0 obj&lt;&lt;\n/Type /XObject\n/Subtype /Image\n/Width 2550\n/Height 3578\n/Filter /DCTDecode\n/Decode [ 1 0 1 0 1 0 1 0 ]\n/BitsPerComponent 8\n/ColorSpace /DeviceCMYK\n/Length 10769137\n&gt;&gt;stream\nÿØÿî\x00\x0eAdobe\x00d\x00\x00\x00\x00\x00ÿâÿÿICC_PROFILE\x00\x01\x85\x00\x84\x06\x9c\x00\x00\x00\x00\x02\x10\x00\x00prtrCMYKLab \x07Ý\x00\x05\x00\x1d\x00\x0e\x00$\x00\x0facspAPPL\x00\x02\x00\x00\x00\x00\x00\x00\x00\x00\x00\x00\x00\x00\x00\x00\x00\x00\x00\x00\x00\x00\x00\x00\x00\x00öÖ\x00\x01\x00\x00\x00\x00Ó-\x00\x00\x00\x00\x00\x00\x00\x00\x00\x00\x00\x00\x00\x00\x00\x00\x00\x00\x00\x00\x00\x00\x00\x00\x00\x00\x00\x00\x00\x00\x00\x00\x00\x00\x00\x00\x00\x00\x00\x00\x00\x00\x00\x00\x00\x00\x00\x00\x00\x00\x00\x0edesc\x00\x00\x01,\x00\x00\x00±wtpt\x00\x00\x01à\x00\x00\x00\x14bkpt\x00\x00\x01ô\x00\x00\x00\x14chad\x00\x00\x02\x08\x00\x00\x00,cprt\x00\x00\x024\x00\x00\x00\x1fA2B0\x00\x00\x02T\x00$C\x86A2B1\x00$EÜ\x00$C\x86A2B2\x00H\x89d\x00$C\x86B2A0\x00lÌì\x00\x07\x0f\x1cB2A1\x00sÜ\x08\x00\x07\x0f\x1cB2A2\x00zë$\x00\x07\x0f\x1cgamt\x00\x8...(¢\x8a(¢\x8a(¢\x8a(¢\x8a(¢\x8a(¢\x8a(¢\x8a(¢\x8a(¢\x8a(¢\x8a(¢\x8a(¢\x8a(¢\x8a(¢\x8a(¢\x8a(¢\x8a(¢\x8a(¢\x8a(¢\x8a(¢\x8a(¢\x8a(¢\x8a(¢\x8a(¢\x8a(¢\x8a(¢\x8a(¢\x8a(¢\x8a(¢\x8a(¢\x8a(¢\x8a(¢\x8a(¢\x8a(¢\x8a(¢\x8a(¢\x8a(¢\x8a(¢\x8a(¢\x8a(¢\x8a(¢\x8a(¢\x8a(¢\x8a(¢\x8a(¢\x8a(¢\x8a(¢\x8a(¢\x8a(¢\x8a(¢\x8a(¢\x8a(¢\x8a(¢\x8a(¢\x8a(¢\x8a(¢\x8a(¢\x8a(¢\x8a(¢\x8a(¢\x8a(¢\x8a(¢\x8a(¢\x8a(¢\x8a(¢\x8a(¢\x8a(¢\x8a(¢\x8a(¢\x8a(¢\x8a(¢\x8a(¢\x8a(¢\x8a(¢\x8a(¢\x8a(¢\x8a(¢\x8a(¢\x8a(¢\x8a(¢\x8a(¢\x8a(¢\x8a(¢\x8a(¢\x8a(¢\x8a(¢\x8a(¢\x8a(¢\x8a(¢\x8a(¢\x8a(¢\x8a(¢\x8a(¢\x8a(¢\x8a(¢\x8a(¢\x8aÿÙ\nendstream\nendobj\n2 0 obj&lt;&lt;\n/Resources &lt;&lt;\n/ProcSet [ /PDF /ImageC ]\n/XObject &lt;&lt;\n/image 1 0 R\n&gt;&gt;\n&gt;&gt;\n/MediaBox [ 0 0 612.0 858.72 ]\n/Contents 3 0 R\n/Type /Page\n/Parent 5 0 R\n&gt;&gt;endobj\n3 0 obj&lt;&lt;\n/Length 47\n&gt;&gt;stream\nq 612.000000 0 0 858.720000 0 0 cm /image Do Q\n\nendstream\nendobj\n6 0 obj&lt;&lt;\n/CreationDate (D:20260908172952Z)\n/ModDate (D:20260908172952Z)\n&gt;&gt;endobj\nxref\n0 7\n0000000000 65536 f \n0000000144 00000 n \n0010769482 00000 n \n0010769645 00000 n \n0000000040 00000 n \n0000000087 00000 n \n0010769740 00000 n \ntrailer\n&lt;&lt;\n/Root 4 0 R\n/Size 7\n/Info 6 0 R\n&gt;&gt;\nstartxref\n10769822\n%%EOF')">backend/tests/test_crop_marks_and_icc.py:83: in test_pdf_cmyk_icc_fogra39
    assert ("Coated FOGRA39" in text or "FOGRA39" in text or "ICCBased" in text), \
E   AssertionError: Expected FOGRA39/ICCBased marker in PDF
E   assert ('Coated FOGRA39' in '%PDF-1.4\n% created by Pillow PDF driver\n4 0 obj&lt;&lt;\n/Type /Catalog\n/Pages 5 0 R\n&gt;&gt;endobj\n5 0 obj&lt;&lt;\n/Type /Pages\n/Count 1\n/Kids [ 2 0 R ]\n&gt;&gt;endobj\n1 0 obj&lt;&lt;\n/Type /XObject\n/Subtype /Image\n/Width 2550\n/Height 3578\n/Filter /DCTDecode\n/Decode [ 1 0 1 0 1 0 1 0 ]\n/BitsPerComponent 8\n/ColorSpace /DeviceCMYK\n/Length 10769137\n&gt;&gt;stream\nÿØÿî\x00\x0eAdobe\x00d\x00\x00\x00\x00\x00ÿâÿÿICC_PROFILE\x00\x01\x85\x00\x84\x06\x9c\x00\x00\x00\x00\x02\x10\x00\x00prtrCMYKLab \x07Ý\x00\x05\x00\x1d\x00\x0e\x00$\x00\x0facspAPPL\x00\x02\x00\x00\x00\x00\x00\x00\x00\x00\x00\x00\x00\x00\x00\x00\x00\x00\x00\x00\x00\x00\x00\x00\x00\x00öÖ\x00\x01\x00\x00\x00\x00Ó-\x00\x00\x00\x00\x00\x00\x00\x00\x00\x00\x00\x00\x00\x00\x00\x00\x00\x00\x00\x00\x00\x00\x00\x00\x00\x00\x00\x00\x00\x00\x00\x00\x00\x00\x00\x00\x00\x00\x00\x00\x00\x00\x00\x00\x00\x00\x00\x00\x00\x00\x00\x0edesc\x00\x00\x01,\x00\x00\x00±wtpt\x00\x00\x01à\x00\x00\x00\x14bkpt\x00\x00\x01ô\x00\x00\x00\x14chad\x00\x00\x02\x08\x00\x00\x00,cprt\x00\x00\x024\x00\x00\x00\x1fA2B0\x00\x00\x02T\x00$C\x86A2B1\x00$EÜ\x00$C\x86A2B2\x00H\x89d\x00$C\x86B2A0\x00lÌì\x00\x07\x0f\x1cB2A1\x00sÜ\x08\x00\x07\x0f\x1cB2A2\x00zë$\x00\x07\x0f\x1cgamt\x00\x8...(¢\x8a(¢\x8a(¢\x8a(¢\x8a(¢\x8a(¢\x8a(¢\x8a(¢\x8a(¢\x8a(¢\x8a(¢\x8a(¢\x8a(¢\x8a(¢\x8a(¢\x8a(¢\x8a(¢\x8a(¢\x8a(¢\x8a(¢\x8a(¢\x8a(¢\x8a(¢\x8a(¢\x8a(¢\x8a(¢\x8a(¢\x8a(¢\x8a(¢\x8a(¢\x8a(¢\x8a(¢\x8a(¢\x8a(¢\x8a(¢\x8a(¢\x8a(¢\x8a(¢\x8a(¢\x8a(¢\x8a(¢\x8a(¢\x8a(¢\x8a(¢\x8a(¢\x8a(¢\x8a(¢\x8a(¢\x8a(¢\x8a(¢\x8a(¢\x8a(¢\x8a(¢\x8a(¢\x8a(¢\x8a(¢\x8a(¢\x8a(¢\x8a(¢\x8a(¢\x8a(¢\x8a(¢\x8a(¢\x8a(¢\x8a(¢\x8a(¢\x8a(¢\x8a(¢\x8a(¢\x8a(¢\x8a(¢\x8a(¢\x8a(¢\x8a(¢\x8a(¢\x8a(¢\x8a(¢\x8a(¢\x8a(¢\x8a(¢\x8a(¢\x8a(¢\x8a(¢\x8a(¢\x8a(¢\x8a(¢\x8a(¢\x8a(¢\x8a(¢\x8a(¢\x8a(¢\x8a(¢\x8a(¢\x8a(¢\x8a(¢\x8a(¢\x8aÿÙ\nendstream\nendobj\n2 0 obj&lt;&lt;\n/Resources &lt;&lt;\n/ProcSet [ /PDF /ImageC ]\n/XObject &lt;&lt;\n/image 1 0 R\n&gt;&gt;\n&gt;&gt;\n/MediaBox [ 0 0 612.0 858.72 ]\n/Contents 3 0 R\n/Type /Page\n/Parent 5 0 R\n&gt;&gt;endobj\n3 0 obj&lt;&lt;\n/Length 47\n&gt;&gt;stream\nq 612.000000 0 0 858.720000 0 0 cm /image Do Q\n\nendstream\nendobj\n6 0 obj&lt;&lt;\n/CreationDate (D:20260908172952Z)\n/ModDate (D:20260908172952Z)\n&gt;&gt;endobj\nxref\n0 7\n0000000000 65536 f \n0000000144 00000 n \n0010769482 00000 n \n0010769645 00000 n \n0000000040 00000 n \n0000000087 00000 n \n0010769740 00000 n \ntrailer\n&lt;&lt;\n/Root 4 0 R\n/Size 7\n/Info 6 0 R\n&gt;&gt;\nstartxref\n10769822\n%%EOF' or 'FOGRA39' in '%PDF-1.4\n% created by Pillow PDF driver\n4 0 obj&lt;&lt;\n/Type /Catalog\n/Pages 5 0 R\n&gt;&gt;endobj\n5 0 obj&lt;&lt;\n/Type /Pages\n/Count 1\n/Kids [ 2 0 R ]\n&gt;&gt;endobj\n1 0 obj&lt;&lt;\n/Type /XObject\n/Subtype /Image\n/Width 2550\n/Height 3578\n/Filter /DCTDecode\n/Decode [ 1 0 1 0 1 0 1 0 ]\n/BitsPerComponent 8\n/ColorSpace /DeviceCMYK\n/Length 10769137\n&gt;&gt;stream\nÿØÿî\x00\x0eAdobe\x00d\x00\x00\x00\x00\x00ÿâÿÿICC_PROFILE\x00\x01\x85\x00\x84\x06\x9c\x00\x00\x00\x00\x02\x10\x00\x00prtrCMYKLab \x07Ý\x00\x05\x00\x1d\x00\x0e\x00$\x00\x0facspAPPL\x00\x02\x00\x00\x00\x00\x00\x00\x00\x00\x00\x00\x00\x00\x00\x00\x00\x00\x00\x00\x00\x00\x00\x00\x00\x00öÖ\x00\x01\x00\x00\x00\x00Ó-\x00\x00\x00\x00\x00\x00\x00\x00\x00\x00\x00\x00\x00\x00\x00\x00\x00\x00\x00\x00\x00\x00\x00\x00\x00\x00\x00\x00\x00\x00\x00\x00\x00\x00\x00\x00\x00\x00\x00\x00\x00\x00\x00\x00\x00\x00\x00\x00\x00\x00\x00\x0edesc\x00\x00\x01,\x00\x00\x00±wtpt\x00\x00\x01à\x00\x00\x00\x14bkpt\x00\x00\x01ô\x00\x00\x00\x14chad\x00\x00\x02\x08\x00\x00\x00,cprt\x00\x00\x024\x00\x00\x00\x1fA2B0\x00\x00\x02T\x00$C\x86A2B1\x00$EÜ\x00$C\x86A2B2\x00H\x89d\x00$C\x86B2A0\x00lÌì\x00\x07\x0f\x1cB2A1\x00sÜ\x08\x00\x07\x0f\x1cB2A2\x00zë$\x00\x07\x0f\x1cgamt\x00\x8...(¢\x8a(¢\x8a(¢\x8a(¢\x8a(¢\x8a(¢\x8a(¢\x8a(¢\x8a(¢\x8a(¢\x8a(¢\x8a(¢\x8a(¢\x8a(¢\x8a(¢\x8a(¢\x8a(¢\x8a(¢\x8a(¢\x8a(¢\x8a(¢\x8a(¢\x8a(¢\x8a(¢\x8a(¢\x8a(¢\x8a(¢\x8a(¢\x8a(¢\x8a(¢\x8a(¢\x8a(¢\x8a(¢\x8a(¢\x8a(¢\x8a(¢\x8a(¢\x8a(¢\x8a(¢\x8a(¢\x8a(¢\x8a(¢\x8a(¢\x8a(¢\x8a(¢\x8a(¢\x8a(¢\x8a(¢\x8a(¢\x8a(¢\x8a(¢\x8a(¢\x8a(¢\x8a(¢\x8a(¢\x8a(¢\x8a(¢\x8a(¢\x8a(¢\x8a(¢\x8a(¢\x8a(¢\x8a(¢\x8a(¢\x8a(¢\x8a(¢\x8a(¢\x8a(¢\x8a(¢\x8a(¢\x8a(¢\x8a(¢\x8a(¢\x8a(¢\x8a(¢\x8a(¢\x8a(¢\x8a(¢\x8a(¢\x8a(¢\x8a(¢\x8a(¢\x8a(¢\x8a(¢\x8a(¢\x8a(¢\x8a(¢\x8a(¢\x8a(¢\x8a(¢\x8a(¢\x8a(¢\x8a(¢\x8a(¢\x8a(¢\x8a(¢\x8aÿÙ\nendstream\nendobj\n2 0 obj&lt;&lt;\n/Resources &lt;&lt;\n/ProcSet [ /PDF /ImageC ]\n/XObject &lt;&lt;\n/image 1 0 R\n&gt;&gt;\n&gt;&gt;\n/MediaBox [ 0 0 612.0 858.72 ]\n/Contents 3 0 R\n/Type /Page\n/Parent 5 0 R\n&gt;&gt;endobj\n3 0 obj&lt;&lt;\n/Length 47\n&gt;&gt;stream\nq 612.000000 0 0 858.720000 0 0 cm /image Do Q\n\nendstream\nendobj\n6 0 obj&lt;&lt;\n/CreationDate (D:20260908172952Z)\n/ModDate (D:20260908172952Z)\n&gt;&gt;endobj\nxref\n0 7\n0000000000 65536 f \n0000000144 00000 n \n0010769482 00000 n \n0010769645 00000 n \n0000000040 00000 n \n0000000087 00000 n \n0010769740 00000 n \ntrailer\n&lt;&lt;\n/Root 4 0 R\n/Size 7\n/Info 6 0 R\n&gt;&gt;\nstartxref\n10769822\n%%EOF' or 'ICCBased' in '%PDF-1.4\n% created by Pillow PDF driver\n4 0 obj&lt;&lt;\n/Type /Catalog\n/Pages 5 0 R\n&gt;&gt;endobj\n5 0 obj&lt;&lt;\n/Type /Pages\n/Count 1\n/Kids [ 2 0 R ]\n&gt;&gt;endobj\n1 0 obj&lt;&lt;\n/Type /XObject\n/Subtype /Image\n/Width 2550\n/Height 3578\n/Filter /DCTDecode\n/Decode [ 1 0 1 0 1 0 1 0 ]\n/BitsPerComponent 8\n/ColorSpace /DeviceCMYK\n/Length 10769137\n&gt;&gt;stream\nÿØÿî\x00\x0eAdobe\x00d\x00\x00\x00\x00\x00ÿâÿÿICC_PROFILE\x00\x01\x85\x00\x84\x06\x9c\x00\x00\x00\x00\x02\x10\x00\x00prtrCMYKLab \x07Ý\x00\x05\x00\x1d\x00\x0e\x00$\x00\x0facspAPPL\x00\x02\x00\x00\x00\x00\x00\x00\x00\x00\x00\x00\x00\x00\x00\x00\x00\x00\x00\x00\x00\x00\x00\x00\x00\x00öÖ\x00\x01\x00\x00\x00\x00Ó-\x00\x00\x00\x00\x00\x00\x00\x00\x00\x00\x00\x00\x00\x00\x00\x00\x00\x00\x00\x00\x00\x00\x00\x00\x00\x00\x00\x00\x00\x00\x00\x00\x00\x00\x00\x00\x00\x00\x00\x00\x00\x00\x00\x00\x00\x00\x00\x00\x00\x00\x00\x0edesc\x00\x00\x01,\x00\x00\x00±wtpt\x00\x00\x01à\x00\x00\x00\x14bkpt\x00\x00\x01ô\x00\x00\x00\x14chad\x00\x00\x02\x08\x00\x00\x00,cprt\x00\x00\x024\x00\x00\x00\x1fA2B0\x00\x00\x02T\x00$C\x86A2B1\x00$EÜ\x00$C\x86A2B2\x00H\x89d\x00$C\x86B2A0\x00lÌì\x00\x07\x0f\x1cB2A1\x00sÜ\x08\x00\x07\x0f\x1cB2A2\x00zë$\x00\x07\x0f\x1cgamt\x00\x8...(¢\x8a(¢\x8a(¢\x8a(¢\x8a(¢\x8a(¢\x8a(¢\x8a(¢\x8a(¢\x8a(¢\x8a(¢\x8a(¢\x8a(¢\x8a(¢\x8a(¢\x8a(¢\x8a(¢\x8a(¢\x8a(¢\x8a(¢\x8a(¢\x8a(¢\x8a(¢\x8a(¢\x8a(¢\x8a(¢\x8a(¢\x8a(¢\x8a(¢\x8a(¢\x8a(¢\x8a(¢\x8a(¢\x8a(¢\x8a(¢\x8a(¢\x8a(¢\x8a(¢\x8a(¢\x8a(¢\x8a(¢\x8a(¢\x8a(¢\x8a(¢\x8a(¢\x8a(¢\x8a(¢\x8a(¢\x8a(¢\x8a(¢\x8a(¢\x8a(¢\x8a(¢\x8a(¢\x8a(¢\x8a(¢\x8a(¢\x8a(¢\x8a(¢\x8a(¢\x8a(¢\x8a(¢\x8a(¢\x8a(¢\x8a(¢\x8a(¢\x8a(¢\x8a(¢\x8a(¢\x8a(¢\x8a(¢\x8a(¢\x8a(¢\x8a(¢\x8a(¢\x8a(¢\x8a(¢\x8a(¢\x8a(¢\x8a(¢\x8a(¢\x8a(¢\x8a(¢\x8a(¢\x8a(¢\x8a(¢\x8a(¢\x8a(¢\x8a(¢\x8a(¢\x8a(¢\x8a(¢\x8a(¢\x8a(¢\x8a(¢\x8a(¢\x8aÿÙ\nendstream\nendobj\n2 0 obj&lt;&lt;\n/Resources &lt;&lt;\n/ProcSet [ /PDF /ImageC ]\n/XObject &lt;&lt;\n/image 1 0 R\n&gt;&gt;\n&gt;&gt;\n/MediaBox [ 0 0 612.0 858.72 ]\n/Contents 3 0 R\n/Type /Page\n/Parent 5 0 R\n&gt;&gt;endobj\n3 0 obj&lt;&lt;\n/Length 47\n&gt;&gt;stream\nq 612.000000 0 0 858.720000 0 0 cm /image Do Q\n\nendstream\nendobj\n6 0 obj&lt;&lt;\n/CreationDate (D:20260908172952Z)\n/ModDate (D:20260908172952Z)\n&gt;&gt;endobj\nxref\n0 7\n0000000000 65536 f \n0000000144 00000 n \n0010769482 00000 n \n0010769645 00000 n \n0000000040 00000 n \n0000000087 00000 n \n0010769740 00000 n \ntrailer\n&lt;&lt;\n/Root 4 0 R\n/Size 7\n/Info 6 0 R\n&gt;&gt;\nstartxref\n10769822\n%%EOF')</failure></testcase><testcase classname="tests.test_crop_marks_and_icc" name="test_pdf_cmyk_without_icc" time="0.519" /><testcase classname="tests.test_crop_marks_and_icc" name="test_pdf_rgb" time="0.320" /><testcase classname="tests.test_crop_marks_and_icc" name="test_crop_marks_auto_paper" time="0.403" /><testcase classname="tests.test_crop_marks_and_icc" name="test_crop_marks_png" time="0.677" /><testcase classname="tests.test_crop_marks_and_icc" name="test_crop_marks_jpg" time="0.370" /></testsuite></testsuites>