<?xml version="1.0" encoding="utf-8"?><testsuites name="pytest tests"><testsuite name="pytest" errors="0" failures="0" skipped="0" tests="5" time="10.302" timestamp="2026-09-08T17:19:01.114928+00:00" hostname="agent-env-1acc96aa-41f7-4731-9c98-49f4aed25724"><testcase classname="tests.test_pdf_professional" name="test_pdf_a4_cmyk_bleed3mm" time="2.771" /><testcase classname="tests.test_pdf_professional" name="test_pdf_auto_paper_bleed_cmyk" time="3.445" /><testcase classname="tests.test_pdf_professional" name="test_pdf_rgb_no_bleed" time="0.373" /><testcase classname="tests.test_pdf_professional" name="test_regression_jpg_ignores_paper" time="1.653" /><testcase classname="tests.test_pdf_professional" name="test_regression_png_default" time="1.419" /></testsuite></testsuites>