<?xml version="1.0" encoding="utf-8"?><testsuites name="pytest tests"><testsuite name="pytest" errors="0" failures="0" skipped="0" tests="6" time="8.927" timestamp="2026-09-08T16:59:58.406853+00:00" hostname="agent-env-1acc96aa-41f7-4731-9c98-49f4aed25724"><testcase classname="tests.test_new_features" name="test_export_with_cell_rotation" time="3.547" /><testcase classname="tests.test_new_features" name="test_export_with_texts_multiple_fonts" time="0.814" /><testcase classname="tests.test_new_features" name="test_export_full_new_collagespec_all_formats[jpg-image/jpeg]" time="0.992" /><testcase classname="tests.test_new_features" name="test_export_full_new_collagespec_all_formats[pdf-application/pdf]" time="0.733" /><testcase classname="tests.test_new_features" name="test_export_full_new_collagespec_all_formats[png-image/png]" time="1.498" /><testcase classname="tests.test_new_features" name="test_export_empty_text_content_no_error" time="0.794" /></testsuite></testsuites>