<?xml version="1.0" encoding="utf-8"?><testsuites name="pytest tests"><testsuite name="pytest" errors="0" failures="1" skipped="0" tests="12" time="12.154" timestamp="2026-09-08T19:52:48.680015+00:00" hostname="agent-env-1acc96aa-41f7-4731-9c98-49f4aed25724"><testcase classname="tests.test_gallery_layout" name="test_export_24_cells_png" time="2.192" /><testcase classname="tests.test_crop_marks_and_icc" name="test_crop_marks_a4_bleed3mm_dims" time="4.832" /><testcase classname="tests.test_gallery_layout" name="test_export_1_cell_full" time="0.484" /><testcase classname="tests.test_gallery_layout" name="test_export_50_cells_png" time="0.328" /><testcase classname="tests.test_gallery_layout" name="test_export_pdf_professional_with_many_cells" time="0.186"><failure message="AssertionError: {&quot;detail&quot;:[{&quot;type&quot;:&quot;model_attributes_type&quot;,&quot;loc&quot;:[&quot;body&quot;,&quot;paper&quot;],&quot;msg&quot;:&quot;Input should be a valid dictionary or object to extract fields from&quot;,&quot;input&quot;:&quot;A4&quot;,&quot;url&quot;:&quot;https://errors.pydantic.dev/2.13/v/model_attributes_type&quot;}]}&#10;assert 422 == 200&#10; +  where 422 = &lt;Response [422]&gt;.status_code">E   AssertionError: {"detail":[{"type":"model_attributes_type","loc":["body","paper"],"msg":"Input should be a valid dictionary or object to extract fields from","input":"A4","url":"https://errors.pydantic.dev/2.13/v/model_attributes_type"}]}
    assert 422 == 200
     +  where 422 = &lt;Response [422]&gt;.status_code</failure></testcase><testcase classname="tests.test_gallery_layout" name="test_project_save_load_preserves_cells" time="0.588" /><testcase classname="tests.test_crop_marks_and_icc" name="test_pdf_cmyk_icc_fogra39" time="4.193" /><testcase classname="tests.test_crop_marks_and_icc" name="test_pdf_cmyk_without_icc" time="0.573" /><testcase classname="tests.test_crop_marks_and_icc" name="test_pdf_rgb" time="0.346" /><testcase classname="tests.test_crop_marks_and_icc" name="test_crop_marks_auto_paper" time="0.446" /><testcase classname="tests.test_crop_marks_and_icc" name="test_crop_marks_png" time="0.761" /><testcase classname="tests.test_crop_marks_and_icc" name="test_crop_marks_jpg" time="0.391" /></testsuite></testsuites>