<?xml version="1.0" encoding="utf-8"?><testsuites name="pytest tests"><testsuite name="pytest" errors="0" failures="0" skipped="0" tests="4" time="3.637" timestamp="2026-09-08T20:06:23.897789+00:00" hostname="agent-env-1acc96aa-41f7-4731-9c98-49f4aed25724"><testcase classname="tests.test_shape_pack" name="test_shape_grid_export[jpg-3-3]" time="1.472" /><testcase classname="tests.test_shape_pack" name="test_shape_grid_export[png-2-3]" time="0.797" /><testcase classname="tests.test_shape_pack" name="test_shape_grid_export[pdf-4-3]" time="0.488" /><testcase classname="tests.test_shape_pack" name="test_malformed_aspect_does_not_500" time="0.220" /></testsuite></testsuites>