<?xml version="1.0" encoding="utf-8"?><testsuites name="pytest tests"><testsuite name="pytest" errors="0" failures="0" skipped="0" tests="14" time="8.220" timestamp="2026-09-08T20:05:27.317722+00:00" hostname="agent-env-1acc96aa-41f7-4731-9c98-49f4aed25724"><testcase classname="tests.test_cell_aspect" name="test_export_accepts_all_aspects[fill]" time="2.059" /><testcase classname="tests.test_gallery_layout" name="test_export_24_cells_png" time="1.575" /><testcase classname="tests.test_gallery_layout" name="test_export_1_cell_full" time="0.398" /><testcase classname="tests.test_gallery_layout" name="test_export_50_cells_png" time="0.275" /><testcase classname="tests.test_cell_aspect" name="test_export_accepts_all_aspects[1:1]" time="1.482" /><testcase classname="tests.test_gallery_layout" name="test_export_pdf_professional_with_many_cells" time="3.315" /><testcase classname="tests.test_cell_aspect" name="test_export_accepts_all_aspects[4:3]" time="0.775" /><testcase classname="tests.test_cell_aspect" name="test_export_accepts_all_aspects[3:2]" time="0.764" /><testcase classname="tests.test_cell_aspect" name="test_export_accepts_all_aspects[3:4]" time="0.883" /><testcase classname="tests.test_gallery_layout" name="test_project_save_load_preserves_cells" time="0.571" /><testcase classname="tests.test_cell_aspect" name="test_export_accepts_all_aspects[2:3]" time="0.540" /><testcase classname="tests.test_cell_aspect" name="test_export_mixed_aspects_png_dims" time="0.714" /><testcase classname="tests.test_cell_aspect" name="test_square_cell_leaves_bg_margins" time="0.251" /><testcase classname="tests.test_cell_aspect" name="test_fill_cell_no_bg_margins" time="0.214" /></testsuite></testsuites>