<?xml version="1.0" encoding="utf-8"?><testsuites name="pytest tests"><testsuite name="pytest" errors="0" failures="0" skipped="0" tests="9" time="7.069" timestamp="2026-09-08T19:52:36.869539+00:00" hostname="agent-env-1acc96aa-41f7-4731-9c98-49f4aed25724"><testcase classname="tests.test_cell_aspect" name="test_export_accepts_all_aspects[fill]" time="1.458" /><testcase classname="tests.test_cell_aspect" name="test_export_accepts_all_aspects[1:1]" time="0.617" /><testcase classname="tests.test_cell_aspect" name="test_export_accepts_all_aspects[4:3]" time="0.613" /><testcase classname="tests.test_cell_aspect" name="test_export_accepts_all_aspects[3:2]" time="0.626" /><testcase classname="tests.test_cell_aspect" name="test_export_accepts_all_aspects[3:4]" time="0.806" /><testcase classname="tests.test_cell_aspect" name="test_export_accepts_all_aspects[2:3]" time="0.566" /><testcase classname="tests.test_cell_aspect" name="test_export_mixed_aspects_png_dims" time="1.189" /><testcase classname="tests.test_cell_aspect" name="test_square_cell_leaves_bg_margins" time="0.263" /><testcase classname="tests.test_cell_aspect" name="test_fill_cell_no_bg_margins" time="0.317" /></testsuite></testsuites>