<?xml version="1.0" encoding="utf-8"?><testsuites name="pytest tests"><testsuite name="pytest" errors="0" failures="0" skipped="0" tests="18" time="16.720" timestamp="2026-09-08T17:00:34.524728+00:00" hostname="agent-env-1acc96aa-41f7-4731-9c98-49f4aed25724"><testcase classname="tests.backend_test" name="test_root" time="0.285" /><testcase classname="tests.backend_test" name="test_import_samples_first_call" time="0.097" /><testcase classname="tests.test_new_features" name="test_export_with_cell_rotation" time="1.499" /><testcase classname="tests.backend_test" name="test_import_samples_idempotent" time="0.275" /><testcase classname="tests.backend_test" name="test_list_photos" time="0.093" /><testcase classname="tests.backend_test" name="test_upload_and_serve" time="0.698" /><testcase classname="tests.backend_test" name="test_upload_invalid_file" time="0.096" /><testcase classname="tests.test_new_features" name="test_export_with_texts_multiple_fonts" time="1.104" /><testcase classname="tests.backend_test" name="test_delete_soft" time="0.685" /><testcase classname="tests.backend_test" name="test_project_crud" time="0.764" /><testcase classname="tests.test_new_features" name="test_export_full_new_collagespec_all_formats[jpg-image/jpeg]" time="1.834" /><testcase classname="tests.backend_test" name="test_export_jpg_150dpi_dimensions" time="4.660" /><testcase classname="tests.test_new_features" name="test_export_full_new_collagespec_all_formats[pdf-application/pdf]" time="0.911" /><testcase classname="tests.test_new_features" name="test_export_full_new_collagespec_all_formats[png-image/png]" time="2.373" /><testcase classname="tests.backend_test" name="test_export_jpg_300dpi_dimensions" time="6.636" /><testcase classname="tests.test_new_features" name="test_export_empty_text_content_no_error" time="2.569" /><testcase classname="tests.backend_test" name="test_export_pdf" time="0.432" /><testcase classname="tests.backend_test" name="test_export_png" time="1.385" /></testsuite></testsuites>