<?xml version="1.0" encoding="utf-8"?><testsuites name="pytest tests"><testsuite name="pytest" errors="0" failures="0" skipped="0" tests="12" time="13.536" timestamp="2026-09-08T16:32:53.088736+00:00" hostname="agent-env-1acc96aa-41f7-4731-9c98-49f4aed25724"><testcase classname="tests.backend_test" name="test_root" time="0.368" /><testcase classname="tests.backend_test" name="test_import_samples_first_call" time="0.097" /><testcase classname="tests.backend_test" name="test_import_samples_idempotent" time="0.168" /><testcase classname="tests.backend_test" name="test_list_photos" time="0.085" /><testcase classname="tests.backend_test" name="test_upload_and_serve" time="0.613" /><testcase classname="tests.backend_test" name="test_upload_invalid_file" time="0.115" /><testcase classname="tests.backend_test" name="test_delete_soft" time="0.504" /><testcase classname="tests.backend_test" name="test_project_crud" time="0.420" /><testcase classname="tests.backend_test" name="test_export_jpg_150dpi_dimensions" time="3.030" /><testcase classname="tests.backend_test" name="test_export_jpg_300dpi_dimensions" time="5.826" /><testcase classname="tests.backend_test" name="test_export_pdf" time="0.394" /><testcase classname="tests.backend_test" name="test_export_png" time="1.326" /></testsuite></testsuites>